# !SESSION 2021-02-16 14:01:29.403
# version: 1.1
# verbose: true
# The following option strings are specified for this debug session:
# 	null
| Worker-12 | 2021-02-16 14:01:29.403 | com.iar.ide.common | /debug | com.iar.ide.common.logging.Logger | traceFile | 194 | SDK location does not exist: null |
# !SESSION 2021-02-17 18:50:05.865
# version: 1.1
# verbose: true
# The following option strings are specified for this debug session:
# 	null
| Worker-15 | 2021-02-17 18:50:05.865 | com.iar.ide.common | /debug | com.iar.ide.common.logging.Logger | traceFile | 194 | SDK location does not exist: null |
# !SESSION 2021-02-19 14:09:22.669
# version: 1.1
# verbose: true
# The following option strings are specified for this debug session:
# 	null
| Worker-1 | 2021-02-19 14:09:22.669 | com.iar.ide.common | /debug | com.iar.ide.common.logging.Logger | traceFile | 194 | SDK location does not exist: null |
# !SESSION 2021-02-21 15:02:36.516
# version: 1.1
# verbose: true
# The following option strings are specified for this debug session:
# 	null
| Worker-7 | 2021-02-21 15:02:36.516 | com.iar.ide.common | /debug | com.iar.ide.common.logging.Logger | traceFile | 194 | SDK location does not exist: null |
# !SESSION 2021-02-25 13:43:10.432
# version: 1.1
# verbose: true
# The following option strings are specified for this debug session:
# 	null
| Worker-10 | 2021-02-25 13:43:10.432 | com.iar.ide.common | /debug | com.iar.ide.common.logging.Logger | traceFile | 194 | SDK location does not exist: null |
# !SESSION 2021-02-25 16:42:59.463
# version: 1.1
# verbose: true
# The following option strings are specified for this debug session:
# 	null
| Worker-4 | 2021-02-25 16:42:59.463 | com.iar.ide.common | /debug | com.iar.ide.common.logging.Logger | traceFile | 194 | SDK location does not exist: null |
