17:14:04 **** Incremental Build of configuration GNU ARM v7.2.1 - Debug for project Ex2_2 ****
make -j4 all 
Building file: ../src/2_interrupt_timer.c
Invoking: GNU ARM C Compiler
arm-none-eabi-gcc -g3 -gdwarf-2 -mcpu=cortex-m0plus -mthumb -std=c99 '-DEFM32HG322F64=1' -I"C:/SiliconLabs/SimplicityStudio/v4/developer/sdks/gecko_sdk_suite/v2.7//platform/CMSIS/Include" -I"C:/SiliconLabs/SimplicityStudio/v4/developer/sdks/gecko_sdk_suite/v2.7//hardware/kit/common/bsp" -I"C:/SiliconLabs/SimplicityStudio/v4/developer/sdks/gecko_sdk_suite/v2.7//platform/emlib/inc" -I"C:/SiliconLabs/SimplicityStudio/v4/developer/sdks/gecko_sdk_suite/v2.7//hardware/kit/common/drivers" -I"C:/SiliconLabs/SimplicityStudio/v4/developer/sdks/gecko_sdk_suite/v2.7//platform/Device/SiliconLabs/EFM32HG/Include" -I"C:/SiliconLabs/SimplicityStudio/v4/developer/sdks/gecko_sdk_suite/v2.7//hardware/kit/SLSTK3400A_EFM32HG/config" -O0 -Wall -c -fmessage-length=0 -mno-sched-prolog -fno-builtin -ffunction-sections -fdata-sections -MMD -MP -MF"src/2_interrupt_timer.d" -MT"src/2_interrupt_timer.o" -o "src/2_interrupt_timer.o" "../src/2_interrupt_timer.c"
Finished building: ../src/2_interrupt_timer.c
 
Building target: Ex2_2.axf
Invoking: GNU ARM C Linker
arm-none-eabi-gcc -g3 -gdwarf-2 -mcpu=cortex-m0plus -mthumb -T "Ex2_2.ld" -Xlinker --gc-sections -Xlinker -Map="Ex2_2.map" --specs=nano.specs -o Ex2_2.axf "./BSP/bsp_stk_leds.o" "./CMSIS/EFM32HG/startup_efm32hg.o" "./CMSIS/EFM32HG/system_efm32hg.o" "./emlib/em_assert.o" "./emlib/em_cmu.o" "./emlib/em_core.o" "./emlib/em_emu.o" "./emlib/em_gpio.o" "./emlib/em_rtc.o" "./emlib/em_system.o" "./src/2_interrupt_timer.o" -Wl,--start-group -lgcc -lc -lnosys -Wl,--end-group
Finished building target: Ex2_2.axf
 
Building hex file: Ex2_2.hex
arm-none-eabi-objcopy -O ihex "Ex2_2.axf" "Ex2_2.hex"
 
Building bin file: Ex2_2.bin
arm-none-eabi-objcopy -O binary "Ex2_2.axf" "Ex2_2.bin"
 
Building s37 file: Ex2_2.s37
arm-none-eabi-objcopy -O srec "Ex2_2.axf" "Ex2_2.s37"
 
Running size tool
arm-none-eabi-size "Ex2_2.axf" -A
Ex2_2.axf  :
section             size        addr
.text               5520           0
.ARM.exidx             8        5520
.data                132   536870912
.bss                  36   536871044
.heap               1024   536871080
.stack_dummy        1024   536871080
.ARM.attributes       40           0
.comment             126           0
.debug_line        18923           0
.debug_info        33799           0
.debug_abbrev       5086           0
.debug_aranges      1216           0
.debug_str        503771           0
.debug_loc          6668           0
.debug_ranges       1072           0
.debug_macro        8502           0
.debug_frame        4220           0
Total             591167


 

17:14:09 Build Finished (took 5s.26ms)

