16:46:17 **** Build of configuration GNU ARM v7.2.1 - Debug for project Ex2_1 ****
make -j4 all 
Building target: Ex2_1.axf
Invoking: GNU ARM C Linker
arm-none-eabi-gcc -g3 -gdwarf-2 -mcpu=cortex-m0plus -mthumb -T "Ex2_1.ld" -Xlinker --gc-sections -Xlinker -Map="Ex2_1.map" --specs=nano.specs -o Ex2_1.axf "./BSP/bsp_stk_leds.o" "./CMSIS/EFM32HG/startup_efm32hg.o" "./CMSIS/EFM32HG/system_efm32hg.o" "./emlib/em_assert.o" "./emlib/em_cmu.o" "./emlib/em_core.o" "./emlib/em_emu.o" "./emlib/em_gpio.o" "./emlib/em_system.o" "./src/1_interrupt_gpio.o" -Wl,--start-group -lgcc -lc -lnosys -Wl,--end-group
Finished building target: Ex2_1.axf
 
Building hex file: Ex2_1.hex
arm-none-eabi-objcopy -O ihex "Ex2_1.axf" "Ex2_1.hex"
 
Building bin file: Ex2_1.bin
arm-none-eabi-objcopy -O binary "Ex2_1.axf" "Ex2_1.bin"
 
Building s37 file: Ex2_1.s37
arm-none-eabi-objcopy -O srec "Ex2_1.axf" "Ex2_1.s37"
 
Running size tool
arm-none-eabi-size "Ex2_1.axf" -A
Ex2_1.axf  :
section             size        addr
.text               5524           0
.ARM.exidx             8        5524
.data                132   536870912
.bss                  36   536871044
.heap               1024   536871080
.stack_dummy        1024   536871080
.ARM.attributes       40           0
.comment             126           0
.debug_line        16872           0
.debug_info        30417           0
.debug_abbrev       4467           0
.debug_aranges      1144           0
.debug_str        503238           0
.debug_loc          6344           0
.debug_ranges       1016           0
.debug_macro        7434           0
.debug_frame        4016           0
Total             582862


 

16:46:22 Build Finished (took 4s.552ms)

