14:12:49 **** Build of configuration GNU ARM v7.2.1 - Debug for project SLSTK3400A_blink_2 ****
make -j4 all 
Building file: ../src/blink.c
Building file: C:/SiliconLabs/SimplicityStudio/v4/developer/sdks/gecko_sdk_suite/v2.7/platform/emlib/src/em_assert.c
Building file: C:/SiliconLabs/SimplicityStudio/v4/developer/sdks/gecko_sdk_suite/v2.7/platform/emlib/src/em_cmu.c
Building file: C:/SiliconLabs/SimplicityStudio/v4/developer/sdks/gecko_sdk_suite/v2.7/platform/emlib/src/em_core.c
Invoking: GNU ARM C Compiler
Invoking: GNU ARM C Compiler
arm-none-eabi-gcc -g3 -gdwarf-2 -mcpu=cortex-m0plus -mthumb -std=c99 '-DDEBUG_EFM=1' '-DEFM32HG322F64=1' -I"C:/SiliconLabs/SimplicityStudio/v4/developer/sdks/gecko_sdk_suite/v2.7//hardware/kit/SLSTK3400A_EFM32HG/config" -I"C:/SiliconLabs/SimplicityStudio/v4/developer/sdks/gecko_sdk_suite/v2.7//platform/CMSIS/Include" -I"C:/SiliconLabs/SimplicityStudio/v4/developer/sdks/gecko_sdk_suite/v2.7//platform/emlib/inc" -I"C:/SiliconLabs/SimplicityStudio/v4/developer/sdks/gecko_sdk_suite/v2.7//hardware/kit/common/bsp" -I"C:/SiliconLabs/SimplicityStudio/v4/developer/sdks/gecko_sdk_suite/v2.7//platform/Device/SiliconLabs/EFM32HG/Include" -O0 -Wall -c -fmessage-length=0 -mno-sched-prolog -fno-builtin -ffunction-sections -fdata-sections -MMD -MP -MF"emlib/em_assert.d" -MT"emlib/em_assert.o" -o "emlib/em_assert.o" "C:/SiliconLabs/SimplicityStudio/v4/developer/sdks/gecko_sdk_suite/v2.7/platform/emlib/src/em_assert.c"
Invoking: GNU ARM C Compiler
Invoking: GNU ARM C Compiler
arm-none-eabi-gcc -g3 -gdwarf-2 -mcpu=cortex-m0plus -mthumb -std=c99 '-DDEBUG_EFM=1' '-DEFM32HG322F64=1' -I"C:/SiliconLabs/SimplicityStudio/v4/developer/sdks/gecko_sdk_suite/v2.7//hardware/kit/SLSTK3400A_EFM32HG/config" -I"C:/SiliconLabs/SimplicityStudio/v4/developer/sdks/gecko_sdk_suite/v2.7//platform/CMSIS/Include" -I"C:/SiliconLabs/SimplicityStudio/v4/developer/sdks/gecko_sdk_suite/v2.7//platform/emlib/inc" -I"C:/SiliconLabs/SimplicityStudio/v4/developer/sdks/gecko_sdk_suite/v2.7//hardware/kit/common/bsp" -I"C:/SiliconLabs/SimplicityStudio/v4/developer/sdks/gecko_sdk_suite/v2.7//platform/Device/SiliconLabs/EFM32HG/Include" -O0 -Wall -c -fmessage-length=0 -mno-sched-prolog -fno-builtin -ffunction-sections -fdata-sections -MMD -MP -MF"src/blink.d" -MT"src/blink.o" -o "src/blink.o" "../src/blink.c"
arm-none-eabi-gcc -g3 -gdwarf-2 -mcpu=cortex-m0plus -mthumb -std=c99 '-DDEBUG_EFM=1' '-DEFM32HG322F64=1' -I"C:/SiliconLabs/SimplicityStudio/v4/developer/sdks/gecko_sdk_suite/v2.7//hardware/kit/SLSTK3400A_EFM32HG/config" -I"C:/SiliconLabs/SimplicityStudio/v4/developer/sdks/gecko_sdk_suite/v2.7//platform/CMSIS/Include" -I"C:/SiliconLabs/SimplicityStudio/v4/developer/sdks/gecko_sdk_suite/v2.7//platform/emlib/inc" -I"C:/SiliconLabs/SimplicityStudio/v4/developer/sdks/gecko_sdk_suite/v2.7//hardware/kit/common/bsp" -I"C:/SiliconLabs/SimplicityStudio/v4/developer/sdks/gecko_sdk_suite/v2.7//platform/Device/SiliconLabs/EFM32HG/Include" -O0 -Wall -c -fmessage-length=0 -mno-sched-prolog -fno-builtin -ffunction-sections -fdata-sections -MMD -MP -MF"emlib/em_core.d" -MT"emlib/em_core.o" -o "emlib/em_core.o" "C:/SiliconLabs/SimplicityStudio/v4/developer/sdks/gecko_sdk_suite/v2.7/platform/emlib/src/em_core.c"
arm-none-eabi-gcc -g3 -gdwarf-2 -mcpu=cortex-m0plus -mthumb -std=c99 '-DDEBUG_EFM=1' '-DEFM32HG322F64=1' -I"C:/SiliconLabs/SimplicityStudio/v4/developer/sdks/gecko_sdk_suite/v2.7//hardware/kit/SLSTK3400A_EFM32HG/config" -I"C:/SiliconLabs/SimplicityStudio/v4/developer/sdks/gecko_sdk_suite/v2.7//platform/CMSIS/Include" -I"C:/SiliconLabs/SimplicityStudio/v4/developer/sdks/gecko_sdk_suite/v2.7//platform/emlib/inc" -I"C:/SiliconLabs/SimplicityStudio/v4/developer/sdks/gecko_sdk_suite/v2.7//hardware/kit/common/bsp" -I"C:/SiliconLabs/SimplicityStudio/v4/developer/sdks/gecko_sdk_suite/v2.7//platform/Device/SiliconLabs/EFM32HG/Include" -O0 -Wall -c -fmessage-length=0 -mno-sched-prolog -fno-builtin -ffunction-sections -fdata-sections -MMD -MP -MF"emlib/em_cmu.d" -MT"emlib/em_cmu.o" -o "emlib/em_cmu.o" "C:/SiliconLabs/SimplicityStudio/v4/developer/sdks/gecko_sdk_suite/v2.7/platform/emlib/src/em_cmu.c"
../src/blink.c: In function 'main':
../src/blink.c:145:5: warning: implicit declaration of function 'EMU_EnterEM3' [-Wimplicit-function-declaration]
     EMU_EnterEM3(true);
     ^~~~~~~~~~~~
Finished building: C:/SiliconLabs/SimplicityStudio/v4/developer/sdks/gecko_sdk_suite/v2.7/platform/emlib/src/em_assert.c
Finished building: ../src/blink.c
Finished building: C:/SiliconLabs/SimplicityStudio/v4/developer/sdks/gecko_sdk_suite/v2.7/platform/emlib/src/em_core.c
 
 
 
Building file: C:/SiliconLabs/SimplicityStudio/v4/developer/sdks/gecko_sdk_suite/v2.7/platform/emlib/src/em_emu.c
Finished building: C:/SiliconLabs/SimplicityStudio/v4/developer/sdks/gecko_sdk_suite/v2.7/platform/emlib/src/em_cmu.c
Building file: C:/SiliconLabs/SimplicityStudio/v4/developer/sdks/gecko_sdk_suite/v2.7/platform/emlib/src/em_gpio.c
Invoking: GNU ARM C Compiler
Building file: C:/SiliconLabs/SimplicityStudio/v4/developer/sdks/gecko_sdk_suite/v2.7/platform/Device/SiliconLabs/EFM32HG/Source/GCC/startup_efm32hg.S
arm-none-eabi-gcc -g3 -gdwarf-2 -mcpu=cortex-m0plus -mthumb -std=c99 '-DDEBUG_EFM=1' '-DEFM32HG322F64=1' -I"C:/SiliconLabs/SimplicityStudio/v4/developer/sdks/gecko_sdk_suite/v2.7//hardware/kit/SLSTK3400A_EFM32HG/config" -I"C:/SiliconLabs/SimplicityStudio/v4/developer/sdks/gecko_sdk_suite/v2.7//platform/CMSIS/Include" -I"C:/SiliconLabs/SimplicityStudio/v4/developer/sdks/gecko_sdk_suite/v2.7//platform/emlib/inc" -I"C:/SiliconLabs/SimplicityStudio/v4/developer/sdks/gecko_sdk_suite/v2.7//hardware/kit/common/bsp" -I"C:/SiliconLabs/SimplicityStudio/v4/developer/sdks/gecko_sdk_suite/v2.7//platform/Device/SiliconLabs/EFM32HG/Include" -O0 -Wall -c -fmessage-length=0 -mno-sched-prolog -fno-builtin -ffunction-sections -fdata-sections -MMD -MP -MF"emlib/em_emu.d" -MT"emlib/em_emu.o" -o "emlib/em_emu.o" "C:/SiliconLabs/SimplicityStudio/v4/developer/sdks/gecko_sdk_suite/v2.7/platform/emlib/src/em_emu.c"
 
Invoking: GNU ARM C Compiler
arm-none-eabi-gcc -g3 -gdwarf-2 -mcpu=cortex-m0plus -mthumb -std=c99 '-DDEBUG_EFM=1' '-DEFM32HG322F64=1' -I"C:/SiliconLabs/SimplicityStudio/v4/developer/sdks/gecko_sdk_suite/v2.7//hardware/kit/SLSTK3400A_EFM32HG/config" -I"C:/SiliconLabs/SimplicityStudio/v4/developer/sdks/gecko_sdk_suite/v2.7//platform/CMSIS/Include" -I"C:/SiliconLabs/SimplicityStudio/v4/developer/sdks/gecko_sdk_suite/v2.7//platform/emlib/inc" -I"C:/SiliconLabs/SimplicityStudio/v4/developer/sdks/gecko_sdk_suite/v2.7//hardware/kit/common/bsp" -I"C:/SiliconLabs/SimplicityStudio/v4/developer/sdks/gecko_sdk_suite/v2.7//platform/Device/SiliconLabs/EFM32HG/Include" -O0 -Wall -c -fmessage-length=0 -mno-sched-prolog -fno-builtin -ffunction-sections -fdata-sections -MMD -MP -MF"emlib/em_gpio.d" -MT"emlib/em_gpio.o" -o "emlib/em_gpio.o" "C:/SiliconLabs/SimplicityStudio/v4/developer/sdks/gecko_sdk_suite/v2.7/platform/emlib/src/em_gpio.c"
Invoking: GNU ARM Assembler
arm-none-eabi-gcc -g3 -gdwarf-2 -mcpu=cortex-m0plus -mthumb -c -x assembler-with-cpp -I"C:/SiliconLabs/SimplicityStudio/v4/developer/sdks/gecko_sdk_suite/v2.7//hardware/kit/SLSTK3400A_EFM32HG/config" -I"C:/SiliconLabs/SimplicityStudio/v4/developer/sdks/gecko_sdk_suite/v2.7//platform/CMSIS/Include" -I"C:/SiliconLabs/SimplicityStudio/v4/developer/sdks/gecko_sdk_suite/v2.7//platform/emlib/inc" -I"C:/SiliconLabs/SimplicityStudio/v4/developer/sdks/gecko_sdk_suite/v2.7//hardware/kit/common/bsp" -I"C:/SiliconLabs/SimplicityStudio/v4/developer/sdks/gecko_sdk_suite/v2.7//platform/Device/SiliconLabs/EFM32HG/Include" '-DEFM32HG322F64=1' -o "CMSIS/EFM32HG/startup_efm32hg.o" "C:/SiliconLabs/SimplicityStudio/v4/developer/sdks/gecko_sdk_suite/v2.7/platform/Device/SiliconLabs/EFM32HG/Source/GCC/startup_efm32hg.S"
Building file: C:/SiliconLabs/SimplicityStudio/v4/developer/sdks/gecko_sdk_suite/v2.7/platform/Device/SiliconLabs/EFM32HG/Source/system_efm32hg.c
Invoking: GNU ARM C Compiler
arm-none-eabi-gcc -g3 -gdwarf-2 -mcpu=cortex-m0plus -mthumb -std=c99 '-DDEBUG_EFM=1' '-DEFM32HG322F64=1' -I"C:/SiliconLabs/SimplicityStudio/v4/developer/sdks/gecko_sdk_suite/v2.7//hardware/kit/SLSTK3400A_EFM32HG/config" -I"C:/SiliconLabs/SimplicityStudio/v4/developer/sdks/gecko_sdk_suite/v2.7//platform/CMSIS/Include" -I"C:/SiliconLabs/SimplicityStudio/v4/developer/sdks/gecko_sdk_suite/v2.7//platform/emlib/inc" -I"C:/SiliconLabs/SimplicityStudio/v4/developer/sdks/gecko_sdk_suite/v2.7//hardware/kit/common/bsp" -I"C:/SiliconLabs/SimplicityStudio/v4/developer/sdks/gecko_sdk_suite/v2.7//platform/Device/SiliconLabs/EFM32HG/Include" -O0 -Wall -c -fmessage-length=0 -mno-sched-prolog -fno-builtin -ffunction-sections -fdata-sections -MMD -MP -MF"CMSIS/EFM32HG/system_efm32hg.d" -MT"CMSIS/EFM32HG/system_efm32hg.o" -o "CMSIS/EFM32HG/system_efm32hg.o" "C:/SiliconLabs/SimplicityStudio/v4/developer/sdks/gecko_sdk_suite/v2.7/platform/Device/SiliconLabs/EFM32HG/Source/system_efm32hg.c"
Finished building: C:/SiliconLabs/SimplicityStudio/v4/developer/sdks/gecko_sdk_suite/v2.7/platform/Device/SiliconLabs/EFM32HG/Source/GCC/startup_efm32hg.S
 
Finished building: C:/SiliconLabs/SimplicityStudio/v4/developer/sdks/gecko_sdk_suite/v2.7/platform/emlib/src/em_gpio.c
Building file: C:/SiliconLabs/SimplicityStudio/v4/developer/sdks/gecko_sdk_suite/v2.7/hardware/kit/common/bsp/bsp_stk_leds.c
Finished building: C:/SiliconLabs/SimplicityStudio/v4/developer/sdks/gecko_sdk_suite/v2.7/platform/emlib/src/em_emu.c
 
Invoking: GNU ARM C Compiler
arm-none-eabi-gcc -g3 -gdwarf-2 -mcpu=cortex-m0plus -mthumb -std=c99 '-DDEBUG_EFM=1' '-DEFM32HG322F64=1' -I"C:/SiliconLabs/SimplicityStudio/v4/developer/sdks/gecko_sdk_suite/v2.7//hardware/kit/SLSTK3400A_EFM32HG/config" -I"C:/SiliconLabs/SimplicityStudio/v4/developer/sdks/gecko_sdk_suite/v2.7//platform/CMSIS/Include" -I"C:/SiliconLabs/SimplicityStudio/v4/developer/sdks/gecko_sdk_suite/v2.7//platform/emlib/inc" -I"C:/SiliconLabs/SimplicityStudio/v4/developer/sdks/gecko_sdk_suite/v2.7//hardware/kit/common/bsp" -I"C:/SiliconLabs/SimplicityStudio/v4/developer/sdks/gecko_sdk_suite/v2.7//platform/Device/SiliconLabs/EFM32HG/Include" -O0 -Wall -c -fmessage-length=0 -mno-sched-prolog -fno-builtin -ffunction-sections -fdata-sections -MMD -MP -MF"BSP/bsp_stk_leds.d" -MT"BSP/bsp_stk_leds.o" -o "BSP/bsp_stk_leds.o" "C:/SiliconLabs/SimplicityStudio/v4/developer/sdks/gecko_sdk_suite/v2.7/hardware/kit/common/bsp/bsp_stk_leds.c"
 
Finished building: C:/SiliconLabs/SimplicityStudio/v4/developer/sdks/gecko_sdk_suite/v2.7/platform/Device/SiliconLabs/EFM32HG/Source/system_efm32hg.c
 
Finished building: C:/SiliconLabs/SimplicityStudio/v4/developer/sdks/gecko_sdk_suite/v2.7/hardware/kit/common/bsp/bsp_stk_leds.c
 
Building target: SLSTK3400A_blink_2.axf
Invoking: GNU ARM C Linker
arm-none-eabi-gcc -g3 -gdwarf-2 -mcpu=cortex-m0plus -mthumb -T "SLSTK3400A_blink_2.ld" -Xlinker --gc-sections -Xlinker -Map="SLSTK3400A_blink_2.map" --specs=nano.specs -o SLSTK3400A_blink_2.axf "./BSP/bsp_stk_leds.o" "./CMSIS/EFM32HG/startup_efm32hg.o" "./CMSIS/EFM32HG/system_efm32hg.o" "./emlib/em_assert.o" "./emlib/em_cmu.o" "./emlib/em_core.o" "./emlib/em_emu.o" "./emlib/em_gpio.o" "./src/blink.o" -Wl,--start-group -lgcc -lc -lnosys -Wl,--end-group
Finished building target: SLSTK3400A_blink_2.axf
 
Building hex file: SLSTK3400A_blink_2.hex
arm-none-eabi-objcopy -O ihex "SLSTK3400A_blink_2.axf" "SLSTK3400A_blink_2.hex"
 
Building bin file: SLSTK3400A_blink_2.bin
arm-none-eabi-objcopy -O binary "SLSTK3400A_blink_2.axf" "SLSTK3400A_blink_2.bin"
 
Building s37 file: SLSTK3400A_blink_2.s37
arm-none-eabi-objcopy -O srec "SLSTK3400A_blink_2.axf" "SLSTK3400A_blink_2.s37"
 
Running size tool
arm-none-eabi-size "SLSTK3400A_blink_2.axf" -A
SLSTK3400A_blink_2.axf  :
section             size        addr
.text               6664           0
.ARM.exidx             8        6664
.data                132   536870912
.bss                  36   536871044
.heap               1024   536871080
.stack_dummy        1024   536871080
.ARM.attributes       40           0
.comment             126           0
.debug_line        17810           0
.debug_info        30547           0
.debug_abbrev       4545           0
.debug_aranges      1184           0
.debug_str        503454           0
.debug_loc          6444           0
.debug_ranges       1040           0
.debug_macro        7445           0
.debug_frame        4092           0
Total             585615


 

14:13:07 Build Finished (took 18s.156ms)

