15:42:25 **** Incremental Build of configuration GNU ARM v7.2.1 - Debug for project SLSTK3400A_emlcd_3 ****
make -j4 all 
Building file: ../src/emlcd_Working.c
Invoking: GNU ARM C Compiler
arm-none-eabi-gcc -g3 -gdwarf-2 -mcpu=cortex-m0plus -mthumb -std=c99 '-DDEBUG_EFM=1' '-DEFM32HG322F64=1' -I"C:/SiliconLabs/SimplicityStudio/v4/developer/sdks/gecko_sdk_suite/v2.7//app/mcu_example/SLSTK3400A_EFM32HG/emlcd" -I"C:/SiliconLabs/SimplicityStudio/v4/developer/sdks/gecko_sdk_suite/v2.7//hardware/kit/SLSTK3400A_EFM32HG/config" -I"C:/SiliconLabs/SimplicityStudio/v4/developer/sdks/gecko_sdk_suite/v2.7//platform/CMSIS/Include" -I"C:/SiliconLabs/SimplicityStudio/v4/developer/sdks/gecko_sdk_suite/v2.7//platform/emlib/inc" -I"C:/SiliconLabs/SimplicityStudio/v4/developer/sdks/gecko_sdk_suite/v2.7//hardware/kit/common/bsp" -I"C:/SiliconLabs/SimplicityStudio/v4/developer/sdks/gecko_sdk_suite/v2.7//hardware/kit/common/drivers" -I"C:/SiliconLabs/SimplicityStudio/v4/developer/sdks/gecko_sdk_suite/v2.7//platform/Device/SiliconLabs/EFM32HG/Include" -I"C:/SiliconLabs/SimplicityStudio/v4/developer/sdks/gecko_sdk_suite/v2.7//platform/middleware/glib" -I"C:/SiliconLabs/SimplicityStudio/v4/developer/sdks/gecko_sdk_suite/v2.7//platform/middleware/glib/glib" -I"C:/SiliconLabs/SimplicityStudio/v4/developer/sdks/gecko_sdk_suite/v2.7//platform/middleware/glib/dmd" -I"C:/SiliconLabs/SimplicityStudio/v4/developer/sdks/gecko_sdk_suite/v2.7//platform/middleware/glib/dmd/ssd2119" -O0 -Wall -c -fmessage-length=0 -mno-sched-prolog -fno-builtin -ffunction-sections -fdata-sections -MMD -MP -MF"src/emlcd_Working.d" -MT"src/emlcd_Working.o" -o "src/emlcd_Working.o" "../src/emlcd_Working.c"
Finished building: ../src/emlcd_Working.c
 
Building target: SLSTK3400A_emlcd_3.axf
Invoking: GNU ARM C Linker
arm-none-eabi-gcc -g3 -gdwarf-2 -mcpu=cortex-m0plus -mthumb -T "SLSTK3400A_emlcd_3.ld" -Xlinker --gc-sections -Xlinker -Map="SLSTK3400A_emlcd_3.map" --specs=nano.specs -o SLSTK3400A_emlcd_3.axf "./CMSIS/EFM32HG/startup_efm32hg.o" "./CMSIS/EFM32HG/system_efm32hg.o" "./Drivers/display.o" "./Drivers/displayls013b7dh03.o" "./Drivers/displaypalemlib.o" "./Drivers/retargetio.o" "./Drivers/retargettextdisplay.o" "./Drivers/textdisplay.o" "./Drivers/udelay.o" "./emlib/em_assert.o" "./emlib/em_cmu.o" "./emlib/em_core.o" "./emlib/em_emu.o" "./emlib/em_gpio.o" "./emlib/em_pcnt.o" "./emlib/em_prs.o" "./emlib/em_rtc.o" "./emlib/em_usart.o" "./src/emlcd_Working.o" -Wl,--start-group -lgcc -lc -lnosys -Wl,--end-group
Finished building target: SLSTK3400A_emlcd_3.axf
 
Building hex file: SLSTK3400A_emlcd_3.hex
arm-none-eabi-objcopy -O ihex "SLSTK3400A_emlcd_3.axf" "SLSTK3400A_emlcd_3.hex"
 
Building bin file: SLSTK3400A_emlcd_3.bin
arm-none-eabi-objcopy -O binary "SLSTK3400A_emlcd_3.axf" "SLSTK3400A_emlcd_3.bin"
 
Building s37 file: SLSTK3400A_emlcd_3.s37
arm-none-eabi-objcopy -O srec "SLSTK3400A_emlcd_3.axf" "SLSTK3400A_emlcd_3.s37"
 
Running size tool
arm-none-eabi-size "SLSTK3400A_emlcd_3.axf" -A
SLSTK3400A_emlcd_3.axf  :
section             size        addr
.text              22552           0
.ARM.exidx             8       22552
.data                536   536870912
.bss                 704   536871448
.heap               1024   536872152
.stack_dummy        1024   536872152
.ARM.attributes       40           0
.comment             126           0
.debug_line        42507           0
.debug_info        74820           0
.debug_abbrev      10845           0
.debug_aranges      2296           0
.debug_str        520072           0
.debug_loc         12434           0
.debug_ranges       1992           0
.debug_macro      100376           0
.debug_frame        9840           0
Total             801196


 

15:42:30 Build Finished (took 4s.524ms)

