15:11:21 **** Incremental Build of configuration GNU ARM v7.2.1 - Debug for project SLSTK3400A_emlcd_2 ****
make -j4 all 
Building file: ../src/emlcd.c
Invoking: GNU ARM C Compiler
arm-none-eabi-gcc -g3 -gdwarf-2 -mcpu=cortex-m0plus -mthumb -std=c99 '-DDEBUG_EFM=1' '-DEFM32HG322F64=1' -I"C:/SiliconLabs/SimplicityStudio/v4/developer/sdks/gecko_sdk_suite/v2.7//app/mcu_example/SLSTK3400A_EFM32HG/emlcd" -I"C:/SiliconLabs/SimplicityStudio/v4/developer/sdks/gecko_sdk_suite/v2.7//hardware/kit/SLSTK3400A_EFM32HG/config" -I"C:/SiliconLabs/SimplicityStudio/v4/developer/sdks/gecko_sdk_suite/v2.7//platform/CMSIS/Include" -I"C:/SiliconLabs/SimplicityStudio/v4/developer/sdks/gecko_sdk_suite/v2.7//platform/emlib/inc" -I"C:/SiliconLabs/SimplicityStudio/v4/developer/sdks/gecko_sdk_suite/v2.7//hardware/kit/common/bsp" -I"C:/SiliconLabs/SimplicityStudio/v4/developer/sdks/gecko_sdk_suite/v2.7//hardware/kit/common/drivers" -I"C:/SiliconLabs/SimplicityStudio/v4/developer/sdks/gecko_sdk_suite/v2.7//platform/Device/SiliconLabs/EFM32HG/Include" -I"C:/SiliconLabs/SimplicityStudio/v4/developer/sdks/gecko_sdk_suite/v2.7//platform/middleware/glib" -I"C:/SiliconLabs/SimplicityStudio/v4/developer/sdks/gecko_sdk_suite/v2.7//platform/middleware/glib/glib" -I"C:/SiliconLabs/SimplicityStudio/v4/developer/sdks/gecko_sdk_suite/v2.7//platform/middleware/glib/dmd" -I"C:/SiliconLabs/SimplicityStudio/v4/developer/sdks/gecko_sdk_suite/v2.7//platform/middleware/glib/dmd/ssd2119" -O0 -Wall -c -fmessage-length=0 -mno-sched-prolog -fno-builtin -ffunction-sections -fdata-sections -MMD -MP -MF"src/emlcd.d" -MT"src/emlcd.o" -o "src/emlcd.o" "../src/emlcd.c"
Finished building: ../src/emlcd.c
 
Building target: SLSTK3400A_emlcd_2.axf
Invoking: GNU ARM C Linker
arm-none-eabi-gcc -g3 -gdwarf-2 -mcpu=cortex-m0plus -mthumb -T "SLSTK3400A_emlcd_2.ld" -Xlinker --gc-sections -Xlinker -Map="SLSTK3400A_emlcd_2.map" --specs=nano.specs -o SLSTK3400A_emlcd_2.axf "./CMSIS/EFM32HG/startup_efm32hg.o" "./CMSIS/EFM32HG/system_efm32hg.o" "./Drivers/display.o" "./Drivers/displayls013b7dh03.o" "./Drivers/displaypalemlib.o" "./Drivers/retargetio.o" "./Drivers/retargettextdisplay.o" "./Drivers/textdisplay.o" "./Drivers/udelay.o" "./emlib/em_assert.o" "./emlib/em_cmu.o" "./emlib/em_core.o" "./emlib/em_emu.o" "./emlib/em_gpio.o" "./emlib/em_pcnt.o" "./emlib/em_prs.o" "./emlib/em_rtc.o" "./emlib/em_usart.o" "./src/emlcd.o" -Wl,--start-group -lgcc -lc -lnosys -Wl,--end-group
Finished building target: SLSTK3400A_emlcd_2.axf
 
Building hex file: SLSTK3400A_emlcd_2.hex
arm-none-eabi-objcopy -O ihex "SLSTK3400A_emlcd_2.axf" "SLSTK3400A_emlcd_2.hex"
 
Building bin file: SLSTK3400A_emlcd_2.bin
arm-none-eabi-objcopy -O binary "SLSTK3400A_emlcd_2.axf" "SLSTK3400A_emlcd_2.bin"
 
Building s37 file: SLSTK3400A_emlcd_2.s37
arm-none-eabi-objcopy -O srec "SLSTK3400A_emlcd_2.axf" "SLSTK3400A_emlcd_2.s37"
 
Running size tool
arm-none-eabi-size "SLSTK3400A_emlcd_2.axf" -A
SLSTK3400A_emlcd_2.axf  :
section             size        addr
.text              22068           0
.ARM.exidx             8       22068
.data                536   536870912
.bss                 704   536871448
.heap               1024   536872152
.stack_dummy        1024   536872152
.ARM.attributes       40           0
.comment             126           0
.debug_line        42398           0
.debug_info        74458           0
.debug_abbrev      10806           0
.debug_aranges      2256           0
.debug_str        519903           0
.debug_loc         12178           0
.debug_ranges       1952           0
.debug_macro      100392           0
.debug_frame        9688           0
Total             799561


 

15:11:27 Build Finished (took 6s.605ms)

